1.080000000000000000e+03 3.143929337877331065e+01
1.070000000000000000e+03 7.155983118975171919e+01
1.060000000000000000e+03 9.531357392153530839e+01
1.050000000000000000e+03 1.461598161515114498e+02
1.040000000000000000e+03 1.562178265600041698e+02
1.030000000000000000e+03 2.066850684518720414e+02
1.020000000000000000e+03 2.856935496063765072e+02
1.010000000000000000e+03 2.634518167213292372e+02
1.000000000000000000e+03 2.363520718008062715e+02
9.900000000000000000e+02 1.774700510526801622e+02
9.800000000000000000e+02 1.356372973425782220e+02
9.700000000000000000e+02 1.840648186580465619e+02
9.600000000000000000e+02 1.455428244452850208e+02
9.500000000000000000e+02 1.564863782500172817e+02
9.400000000000000000e+02 1.571107596687568275e+02
9.300000000000000000e+02 1.617552294112893776e+02
9.200000000000000000e+02 2.054647749906208958e+02
9.100000000000000000e+02 2.441721831385508210e+02
9.000000000000000000e+02 2.472111145936682419e+02
8.900000000000000000e+02 2.091936185664909260e+02
8.800000000000000000e+02 2.005561637625341405e+02
8.700000000000000000e+02 2.492630854734090349e+02
8.600000000000000000e+02 3.486217272363298889e+02
8.500000000000000000e+02 4.075463790191929547e+02
8.400000000000000000e+02 4.549926063313150166e+02
8.300000000000000000e+02 4.900943683644186422e+02
8.200000000000000000e+02 5.344646371577922537e+02
8.100000000000000000e+02 4.559593404442167071e+02
8.000000000000000000e+02 4.334794751625685194e+02
7.900000000000000000e+02 2.604268982843773870e+02
7.800000000000000000e+02 1.709394648893864712e+02
7.700000000000000000e+02 1.366359863208372758e+02
7.600000000000000000e+02 1.250067683042253748e+02
7.500000000000000000e+02 1.461817136096397007e+02
7.400000000000000000e+02 1.942050692727423495e+02
7.300000000000000000e+02 2.007044261158395386e+02
7.200000000000000000e+02 2.379996606339788343e+02
7.100000000000000000e+02 2.374633451529636261e+02
7.000000000000000000e+02 1.538461021949144936e+02
