1.080000000000000000e+03 5.958942155351734016e+01
1.070000000000000000e+03 5.404374920835220308e+01
1.060000000000000000e+03 7.992131974787120896e+01
1.050000000000000000e+03 1.370584121586209392e+02
1.040000000000000000e+03 1.523369910722677787e+02
1.030000000000000000e+03 2.040241959631040345e+02
1.020000000000000000e+03 2.784014217704483372e+02
1.010000000000000000e+03 2.598271099720452071e+02
1.000000000000000000e+03 2.365213091680941204e+02
9.900000000000000000e+02 1.736249115855968626e+02
9.800000000000000000e+02 1.342942976989372141e+02
9.700000000000000000e+02 1.831834392368554632e+02
9.600000000000000000e+02 1.455918967978350054e+02
9.500000000000000000e+02 1.536819320039562058e+02
9.400000000000000000e+02 1.562292538033960625e+02
9.300000000000000000e+02 1.579721257261479650e+02
9.200000000000000000e+02 2.006881276955172950e+02
9.100000000000000000e+02 2.441955701586301757e+02
9.000000000000000000e+02 2.406747492462718583e+02
8.900000000000000000e+02 2.030762616729331285e+02
8.800000000000000000e+02 1.911519352611715874e+02
8.700000000000000000e+02 2.328024160481348019e+02
8.600000000000000000e+02 3.103784720421483598e+02
8.500000000000000000e+02 3.468230624527573696e+02
8.400000000000000000e+02 3.870270854552569517e+02
8.300000000000000000e+02 4.042607621878742634e+02
8.200000000000000000e+02 4.196562147181566047e+02
8.100000000000000000e+02 3.878631938612487602e+02
8.000000000000000000e+02 3.769836363016415817e+02
7.900000000000000000e+02 2.313211107467423346e+02
7.800000000000000000e+02 1.512065572774870361e+02
7.700000000000000000e+02 1.224132631187921731e+02
7.600000000000000000e+02 1.109452121278433907e+02
7.500000000000000000e+02 1.295536646178086073e+02
7.400000000000000000e+02 1.647536661383776959e+02
7.300000000000000000e+02 1.673084516397643142e+02
7.200000000000000000e+02 2.051524555082430936e+02
7.100000000000000000e+02 2.087776901690801026e+02
7.000000000000000000e+02 1.372386308231732244e+02
