1.080000000000000000e+03 4.699321551031579958e+01
1.070000000000000000e+03 4.870586717323562453e+01
1.060000000000000000e+03 5.386096416516863172e+01
1.050000000000000000e+03 5.850600362208590610e+01
1.040000000000000000e+03 5.924975724688406586e+01
1.030000000000000000e+03 6.159381374106043694e+01
1.020000000000000000e+03 6.536036991915437966e+01
1.010000000000000000e+03 6.679858178431753402e+01
1.000000000000000000e+03 6.209005758613606929e+01
9.900000000000000000e+02 5.981146344755985922e+01
9.800000000000000000e+02 6.144419583791846406e+01
9.700000000000000000e+02 6.600875746338377326e+01
9.600000000000000000e+02 5.809877641977247720e+01
9.500000000000000000e+02 4.102123907290827987e+01
9.400000000000000000e+02 3.837308718783059192e+01
9.300000000000000000e+02 3.542644984533410479e+01
9.200000000000000000e+02 3.291406357726385323e+01
9.100000000000000000e+02 3.179285037192288144e+01
9.000000000000000000e+02 2.980317327105307257e+01
8.900000000000000000e+02 3.313621474772518383e+01
8.800000000000000000e+02 3.572176929004236712e+01
8.700000000000000000e+02 4.172734051104043118e+01
8.600000000000000000e+02 4.693007643357472602e+01
8.500000000000000000e+02 4.183854935518578344e+01
8.400000000000000000e+02 4.620543460526278068e+01
8.300000000000000000e+02 4.708811566275930716e+01
8.200000000000000000e+02 4.445727420983953238e+01
8.100000000000000000e+02 5.663903232902674034e+01
8.000000000000000000e+02 4.420638116161887154e+01
7.900000000000000000e+02 4.163198805960591642e+01
7.800000000000000000e+02 3.867213150783419451e+01
7.700000000000000000e+02 3.236201218445062011e+01
7.600000000000000000e+02 3.059710161565233122e+01
7.500000000000000000e+02 2.796291763591262836e+01
7.400000000000000000e+02 3.656747137130437153e+01
7.300000000000000000e+02 4.486330473861843160e+01
7.200000000000000000e+02 4.460938415067822405e+01
7.100000000000000000e+02 4.516737127928842455e+01
7.000000000000000000e+02 4.224327743356408149e+01
